<?xml version="1.0" encoding="UTF-8"?>
<!-- Generated by org.testng.reporters.JUnitReportReporter -->
<testsuite skipped="0" hostname="IND-PF0SNN2F-LT" name="org.noon.ValidateTests" tests="2" failures="0" timestamp="2020-09-26T11:50:28 IST" time="8.014" errors="0">
  <testcase name="validateSuccess" time="5.413" classname="org.noon.ValidateTests"/>
  <system-out/>
  <testcase name="validateError" time="2.601" classname="org.noon.ValidateTests"/>
  <system-out/>
</testsuite> <!-- org.noon.ValidateTests -->
