<?xml version="1.0" encoding="UTF-8"?>
<!-- Generated by org.testng.reporters.JUnitReportReporter -->
<testsuite skipped="0" hostname="IND-PF0SNN2F-LT" name="org.noon.ValidateTests" tests="2" failures="0" timestamp="2020-09-26T20:29:02 IST" time="8.702" errors="0">
  <testcase name="validateSuccess" time="7.310" classname="org.noon.ValidateTests"/>
  <system-out/>
  <testcase name="validateError" time="1.392" classname="org.noon.ValidateTests"/>
  <system-out/>
</testsuite> <!-- org.noon.ValidateTests -->
