<?xml version="1.0" encoding="UTF-8"?>
<!-- Generated by org.testng.reporters.JUnitReportReporter -->
<testsuite skipped="0" hostname="IND-PF0SNN2F-LT" name="org.noon.TrxnHistoryTests" tests="3" failures="0" timestamp="2020-09-30T01:57:57 IST" time="4.613" errors="0">
  <testcase name="trxnHistorySuccess" time="1.444" classname="org.noon.TrxnHistoryTests"/>
  <system-out/>
  <testcase name="trxnHistoryError" time="1.289" classname="org.noon.TrxnHistoryTests"/>
  <system-out/>
  <testcase name="trxnHistoryErrorStatus404Test" time="1.880" classname="org.noon.TrxnHistoryTests"/>
  <system-out/>
</testsuite> <!-- org.noon.TrxnHistoryTests -->
