<?xml version="1.0" encoding="UTF-8"?>
<!-- Generated by org.testng.reporters.JUnitReportReporter -->
<testsuite skipped="0" hostname="IND-PF0SNN2F-LT" name="org.noon.ValidateTests" tests="2" failures="0" timestamp="2020-09-30T01:57:57 IST" time="6.402" errors="0">
  <testcase name="validateSuccess" time="5.035" classname="org.noon.ValidateTests"/>
  <system-out/>
  <testcase name="validateError" time="1.367" classname="org.noon.ValidateTests"/>
  <system-out/>
</testsuite> <!-- org.noon.ValidateTests -->
